=== puma startup: 2017-07-18 22:21:22 +0200 ===
[865] * Starting control server on unix:///tmp/puma-status-1500409282277-860
[865] - Worker 0 (pid: 872) booted, phase: 0
[865] - Gracefully shutting down workers...
[865] * Restarting...
[865] Puma starting in cluster mode...
[865] * Version 3.8.2 (ruby 2.3.1-p112), codename: Sassy Salamander
[865] * Min threads: 1, max threads: 6
[865] * Environment: production
[865] * Process workers: 1
[865] * Phased restart available
[865] * Inherited unix:///home/debian/web/porta_feel/shared/sockets/puma.sock
[865] * Daemonizing...
=== puma startup: 2017-07-21 15:33:48 +0200 ===
[7757] * Starting control server on unix:///tmp/puma-status-1500409282277-860
[7757] - Worker 0 (pid: 7764) booted, phase: 0
[7757] - Gracefully shutting down workers...
[7757] === puma shutdown: 2017-07-21 15:35:24 +0200 ===
[7757] - Goodbye!
=== puma startup: 2017-07-21 15:35:29 +0200 ===
[7791] * Starting control server on unix:///tmp/puma-status-1500644129277-7786
[7791] - Worker 0 (pid: 7798) booted, phase: 0
[7791] Early termination of worker
=== puma startup: 2017-07-21 15:43:20 +0200 ===
[863] * Starting control server on unix:///tmp/puma-status-1500644600300-858
[863] - Worker 0 (pid: 870) booted, phase: 0
